[2025-06-24 10:35:48] http://tech.sapvista.com:50000/sap/opu/odata/sap/API_PRODUCT_SRV/A_Product
[2025-06-24 10:35:49] http://tech.sapvista.com:50000/sap/opu/odata/sap/API_PRODUCT_SRV/A_Product?$skiptoken=100
[2025-06-24 10:35:50] http://tech.sapvista.com:50000/sap/opu/odata/sap/API_PRODUCT_SRV/A_Product?&$skiptoken=200
[2025-06-24 10:35:51] http://tech.sapvista.com:50000/sap/opu/odata/sap/API_PRODUCT_SRV/A_Product?=&$skiptoken=300
[2025-06-24 10:35:52] http://tech.sapvista.com:50000/sap/opu/odata/sap/API_PRODUCT_SRV/A_Product?=&$skiptoken=400
[2025-06-24 10:35:53] http://tech.sapvista.com:50000/sap/opu/odata/sap/API_PRODUCT_SRV/A_Product?=&$skiptoken=500
[2025-06-24 10:35:53] http://tech.sapvista.com:50000/sap/opu/odata/sap/API_PRODUCT_SRV/A_Product?=&$skiptoken=600
[2025-06-24 10:35:54] http://tech.sapvista.com:50000/sap/opu/odata/sap/API_PRODUCT_SRV/A_Product?=&$skiptoken=700
[2025-06-24 10:35:55] http://tech.sapvista.com:50000/sap/opu/odata/sap/API_PRODUCT_SRV/A_Product?=&$skiptoken=800
[2025-06-24 10:35:56] http://tech.sapvista.com:50000/sap/opu/odata/sap/API_PRODUCT_SRV/A_Product?=&$skiptoken=900
[2025-06-24 10:35:56] http://tech.sapvista.com:50000/sap/opu/odata/sap/API_PRODUCT_SRV/A_Product?=&$skiptoken=1000
[2025-06-24 10:35:57] http://tech.sapvista.com:50000/sap/opu/odata/sap/API_PRODUCT_SRV/A_Product?=&$skiptoken=1100
[2025-06-24 10:35:58] http://tech.sapvista.com:50000/sap/opu/odata/sap/API_PRODUCT_SRV/A_Product?=&$skiptoken=1200
[2025-06-24 10:35:59] http://tech.sapvista.com:50000/sap/opu/odata/sap/API_PRODUCT_SRV/A_Product?=&$skiptoken=1300
[2025-06-24 10:36:00] http://tech.sapvista.com:50000/sap/opu/odata/sap/API_PRODUCT_SRV/A_Product?=&$skiptoken=1400
[2025-06-24 10:36:00] http://tech.sapvista.com:50000/sap/opu/odata/sap/API_PRODUCT_SRV/A_Product?=&$skiptoken=1500
[2025-06-24 10:36:01] http://tech.sapvista.com:50000/sap/opu/odata/sap/API_PRODUCT_SRV/A_Product?=&$skiptoken=1600
[2025-06-24 10:36:02] http://tech.sapvista.com:50000/sap/opu/odata/sap/API_PRODUCT_SRV/A_Product?=&$skiptoken=1700
[2025-06-24 10:36:03] http://tech.sapvista.com:50000/sap/opu/odata/sap/API_PRODUCT_SRV/A_Product?=&$skiptoken=1800
[2025-06-24 10:36:03] http://tech.sapvista.com:50000/sap/opu/odata/sap/API_PRODUCT_SRV/A_Product?=&$skiptoken=1900
[2025-06-24 10:36:04] http://tech.sapvista.com:50000/sap/opu/odata/sap/API_PRODUCT_SRV/A_Product?=&$skiptoken=2000
[2025-06-24 10:36:05] http://tech.sapvista.com:50000/sap/opu/odata/sap/API_PRODUCT_SRV/A_Product?=&$skiptoken=2100
[2025-06-24 10:36:06] http://tech.sapvista.com:50000/sap/opu/odata/sap/API_PRODUCT_SRV/A_Product?=&$skiptoken=2200
[2025-06-24 10:36:06] http://tech.sapvista.com:50000/sap/opu/odata/sap/API_PRODUCT_SRV/A_Product?=&$skiptoken=2300
[2025-06-24 10:36:07] http://tech.sapvista.com:50000/sap/opu/odata/sap/API_PRODUCT_SRV/A_Product?=&$skiptoken=2400
[2025-06-24 10:36:08] http://tech.sapvista.com:50000/sap/opu/odata/sap/API_PRODUCT_SRV/A_Product?=&$skiptoken=2500
[2025-06-24 10:36:09] http://tech.sapvista.com:50000/sap/opu/odata/sap/API_PRODUCT_SRV/A_Product?=&$skiptoken=2600
[2025-06-24 10:36:09] http://tech.sapvista.com:50000/sap/opu/odata/sap/API_PRODUCT_SRV/A_Product?=&$skiptoken=2700
[2025-06-24 10:36:10] http://tech.sapvista.com:50000/sap/opu/odata/sap/API_PRODUCT_SRV/A_Product?=&$skiptoken=2800
[2025-06-24 10:38:04] http://tech.sapvista.com:50000/sap/opu/odata/sap/API_PRODUCT_SRV/A_Product
[2025-06-24 10:38:05] http://tech.sapvista.com:50000/sap/opu/odata/sap/API_PRODUCT_SRV/A_Product?$skiptoken=100
[2025-06-24 10:38:06] http://tech.sapvista.com:50000/sap/opu/odata/sap/API_PRODUCT_SRV/A_Product?&$skiptoken=200
[2025-06-24 10:38:07] http://tech.sapvista.com:50000/sap/opu/odata/sap/API_PRODUCT_SRV/A_Product?=&$skiptoken=300
[2025-06-24 10:38:08] http://tech.sapvista.com:50000/sap/opu/odata/sap/API_PRODUCT_SRV/A_Product?=&$skiptoken=400
[2025-06-24 10:38:09] http://tech.sapvista.com:50000/sap/opu/odata/sap/API_PRODUCT_SRV/A_Product?=&$skiptoken=500
[2025-06-24 10:38:09] http://tech.sapvista.com:50000/sap/opu/odata/sap/API_PRODUCT_SRV/A_Product?=&$skiptoken=600
[2025-06-24 10:38:10] http://tech.sapvista.com:50000/sap/opu/odata/sap/API_PRODUCT_SRV/A_Product?=&$skiptoken=700
[2025-06-24 10:38:11] http://tech.sapvista.com:50000/sap/opu/odata/sap/API_PRODUCT_SRV/A_Product?=&$skiptoken=800
[2025-06-24 10:38:12] http://tech.sapvista.com:50000/sap/opu/odata/sap/API_PRODUCT_SRV/A_Product?=&$skiptoken=900
[2025-06-24 10:38:13] http://tech.sapvista.com:50000/sap/opu/odata/sap/API_PRODUCT_SRV/A_Product?=&$skiptoken=1000
[2025-06-24 10:38:13] http://tech.sapvista.com:50000/sap/opu/odata/sap/API_PRODUCT_SRV/A_Product?=&$skiptoken=1100
[2025-06-24 10:38:14] http://tech.sapvista.com:50000/sap/opu/odata/sap/API_PRODUCT_SRV/A_Product?=&$skiptoken=1200
[2025-06-24 10:38:15] http://tech.sapvista.com:50000/sap/opu/odata/sap/API_PRODUCT_SRV/A_Product?=&$skiptoken=1300
[2025-06-24 10:38:16] http://tech.sapvista.com:50000/sap/opu/odata/sap/API_PRODUCT_SRV/A_Product?=&$skiptoken=1400
[2025-06-24 10:38:17] http://tech.sapvista.com:50000/sap/opu/odata/sap/API_PRODUCT_SRV/A_Product?=&$skiptoken=1500
[2025-06-24 10:38:17] http://tech.sapvista.com:50000/sap/opu/odata/sap/API_PRODUCT_SRV/A_Product?=&$skiptoken=1600
[2025-06-24 10:38:18] http://tech.sapvista.com:50000/sap/opu/odata/sap/API_PRODUCT_SRV/A_Product?=&$skiptoken=1700
[2025-06-24 10:38:19] http://tech.sapvista.com:50000/sap/opu/odata/sap/API_PRODUCT_SRV/A_Product?=&$skiptoken=1800
[2025-06-24 10:38:20] http://tech.sapvista.com:50000/sap/opu/odata/sap/API_PRODUCT_SRV/A_Product?=&$skiptoken=1900
[2025-06-24 10:38:21] http://tech.sapvista.com:50000/sap/opu/odata/sap/API_PRODUCT_SRV/A_Product?=&$skiptoken=2000
[2025-06-24 10:38:21] http://tech.sapvista.com:50000/sap/opu/odata/sap/API_PRODUCT_SRV/A_Product?=&$skiptoken=2100
[2025-06-24 10:38:22] http://tech.sapvista.com:50000/sap/opu/odata/sap/API_PRODUCT_SRV/A_Product?=&$skiptoken=2200
[2025-06-24 10:38:23] http://tech.sapvista.com:50000/sap/opu/odata/sap/API_PRODUCT_SRV/A_Product?=&$skiptoken=2300
[2025-06-24 10:38:24] http://tech.sapvista.com:50000/sap/opu/odata/sap/API_PRODUCT_SRV/A_Product?=&$skiptoken=2400
[2025-06-24 10:38:25] http://tech.sapvista.com:50000/sap/opu/odata/sap/API_PRODUCT_SRV/A_Product?=&$skiptoken=2500
[2025-06-24 10:38:25] http://tech.sapvista.com:50000/sap/opu/odata/sap/API_PRODUCT_SRV/A_Product?=&$skiptoken=2600
[2025-06-24 10:38:26] http://tech.sapvista.com:50000/sap/opu/odata/sap/API_PRODUCT_SRV/A_Product?=&$skiptoken=2700
[2025-06-24 10:38:27] http://tech.sapvista.com:50000/sap/opu/odata/sap/API_PRODUCT_SRV/A_Product?=&$skiptoken=2800
[2025-06-24 10:41:07] http://tech.sapvista.com:50000/sap/opu/odata/sap/API_PRODUCT_SRV/A_Product
[2025-06-24 10:41:08] http://tech.sapvista.com:50000/sap/opu/odata/sap/API_PRODUCT_SRV/A_Product?$skiptoken=100
[2025-06-24 10:41:08] http://tech.sapvista.com:50000/sap/opu/odata/sap/API_PRODUCT_SRV/A_Product?&$skiptoken=200
[2025-06-24 10:41:09] http://tech.sapvista.com:50000/sap/opu/odata/sap/API_PRODUCT_SRV/A_Product?=&$skiptoken=300
[2025-06-24 10:41:10] http://tech.sapvista.com:50000/sap/opu/odata/sap/API_PRODUCT_SRV/A_Product?=&$skiptoken=400
[2025-06-24 10:41:11] http://tech.sapvista.com:50000/sap/opu/odata/sap/API_PRODUCT_SRV/A_Product?=&$skiptoken=500
[2025-06-24 10:41:12] http://tech.sapvista.com:50000/sap/opu/odata/sap/API_PRODUCT_SRV/A_Product?=&$skiptoken=600
[2025-06-24 10:41:12] http://tech.sapvista.com:50000/sap/opu/odata/sap/API_PRODUCT_SRV/A_Product?=&$skiptoken=700
[2025-06-24 10:41:13] http://tech.sapvista.com:50000/sap/opu/odata/sap/API_PRODUCT_SRV/A_Product?=&$skiptoken=800
[2025-06-24 10:41:14] http://tech.sapvista.com:50000/sap/opu/odata/sap/API_PRODUCT_SRV/A_Product?=&$skiptoken=900
[2025-06-24 10:41:15] http://tech.sapvista.com:50000/sap/opu/odata/sap/API_PRODUCT_SRV/A_Product?=&$skiptoken=1000
[2025-06-24 10:41:15] http://tech.sapvista.com:50000/sap/opu/odata/sap/API_PRODUCT_SRV/A_Product?=&$skiptoken=1100
[2025-06-24 10:41:16] http://tech.sapvista.com:50000/sap/opu/odata/sap/API_PRODUCT_SRV/A_Product?=&$skiptoken=1200
[2025-06-24 10:41:17] http://tech.sapvista.com:50000/sap/opu/odata/sap/API_PRODUCT_SRV/A_Product?=&$skiptoken=1300
[2025-06-24 10:41:18] http://tech.sapvista.com:50000/sap/opu/odata/sap/API_PRODUCT_SRV/A_Product?=&$skiptoken=1400
[2025-06-24 10:41:18] http://tech.sapvista.com:50000/sap/opu/odata/sap/API_PRODUCT_SRV/A_Product?=&$skiptoken=1500
[2025-06-24 10:41:19] http://tech.sapvista.com:50000/sap/opu/odata/sap/API_PRODUCT_SRV/A_Product?=&$skiptoken=1600
[2025-06-24 10:41:22] http://tech.sapvista.com:50000/sap/opu/odata/sap/API_PRODUCT_SRV/A_Product?=&$skiptoken=1700
[2025-06-24 10:41:22] http://tech.sapvista.com:50000/sap/opu/odata/sap/API_PRODUCT_SRV/A_Product?=&$skiptoken=1800
[2025-06-24 10:41:23] http://tech.sapvista.com:50000/sap/opu/odata/sap/API_PRODUCT_SRV/A_Product?=&$skiptoken=1900
[2025-06-24 10:41:24] http://tech.sapvista.com:50000/sap/opu/odata/sap/API_PRODUCT_SRV/A_Product?=&$skiptoken=2000
[2025-06-24 10:41:27] http://tech.sapvista.com:50000/sap/opu/odata/sap/API_PRODUCT_SRV/A_Product
[2025-06-24 10:41:28] http://tech.sapvista.com:50000/sap/opu/odata/sap/API_PRODUCT_SRV/A_Product?$skiptoken=100
[2025-06-24 10:41:28] http://tech.sapvista.com:50000/sap/opu/odata/sap/API_PRODUCT_SRV/A_Product?&$skiptoken=200
[2025-06-24 10:41:29] http://tech.sapvista.com:50000/sap/opu/odata/sap/API_PRODUCT_SRV/A_Product?=&$skiptoken=300
[2025-06-24 10:41:30] http://tech.sapvista.com:50000/sap/opu/odata/sap/API_PRODUCT_SRV/A_Product?=&$skiptoken=400
[2025-06-24 10:41:31] http://tech.sapvista.com:50000/sap/opu/odata/sap/API_PRODUCT_SRV/A_Product?=&$skiptoken=500
[2025-06-24 10:41:31] http://tech.sapvista.com:50000/sap/opu/odata/sap/API_PRODUCT_SRV/A_Product?=&$skiptoken=600
[2025-06-24 10:41:32] http://tech.sapvista.com:50000/sap/opu/odata/sap/API_PRODUCT_SRV/A_Product?=&$skiptoken=700
[2025-06-24 10:41:33] http://tech.sapvista.com:50000/sap/opu/odata/sap/API_PRODUCT_SRV/A_Product?=&$skiptoken=800
[2025-06-24 10:41:34] http://tech.sapvista.com:50000/sap/opu/odata/sap/API_PRODUCT_SRV/A_Product?=&$skiptoken=900
[2025-06-24 10:41:34] http://tech.sapvista.com:50000/sap/opu/odata/sap/API_PRODUCT_SRV/A_Product?=&$skiptoken=1000
[2025-06-24 10:41:35] http://tech.sapvista.com:50000/sap/opu/odata/sap/API_PRODUCT_SRV/A_Product?=&$skiptoken=1100
[2025-06-24 10:41:36] http://tech.sapvista.com:50000/sap/opu/odata/sap/API_PRODUCT_SRV/A_Product?=&$skiptoken=1200
[2025-06-24 10:41:37] http://tech.sapvista.com:50000/sap/opu/odata/sap/API_PRODUCT_SRV/A_Product?=&$skiptoken=1300
[2025-06-24 10:41:38] http://tech.sapvista.com:50000/sap/opu/odata/sap/API_PRODUCT_SRV/A_Product?=&$skiptoken=1400
[2025-06-24 10:41:39] http://tech.sapvista.com:50000/sap/opu/odata/sap/API_PRODUCT_SRV/A_Product?=&$skiptoken=1500
[2025-06-24 10:41:39] http://tech.sapvista.com:50000/sap/opu/odata/sap/API_PRODUCT_SRV/A_Product?=&$skiptoken=1600
[2025-06-24 10:41:40] http://tech.sapvista.com:50000/sap/opu/odata/sap/API_PRODUCT_SRV/A_Product?=&$skiptoken=1700
[2025-06-24 10:41:41] http://tech.sapvista.com:50000/sap/opu/odata/sap/API_PRODUCT_SRV/A_Product?=&$skiptoken=1800
[2025-06-24 10:41:42] http://tech.sapvista.com:50000/sap/opu/odata/sap/API_PRODUCT_SRV/A_Product?=&$skiptoken=1900
[2025-06-24 10:41:43] http://tech.sapvista.com:50000/sap/opu/odata/sap/API_PRODUCT_SRV/A_Product?=&$skiptoken=2000
[2025-06-24 10:41:44] http://tech.sapvista.com:50000/sap/opu/odata/sap/API_PRODUCT_SRV/A_Product?=&$skiptoken=2100
[2025-06-24 10:41:45] http://tech.sapvista.com:50000/sap/opu/odata/sap/API_PRODUCT_SRV/A_Product?=&$skiptoken=2200
[2025-06-24 10:41:47] http://tech.sapvista.com:50000/sap/opu/odata/sap/API_PRODUCT_SRV/A_Product
[2025-06-24 10:41:48] http://tech.sapvista.com:50000/sap/opu/odata/sap/API_PRODUCT_SRV/A_Product?$skiptoken=100
[2025-06-24 10:41:49] http://tech.sapvista.com:50000/sap/opu/odata/sap/API_PRODUCT_SRV/A_Product?&$skiptoken=200
[2025-06-24 10:41:49] http://tech.sapvista.com:50000/sap/opu/odata/sap/API_PRODUCT_SRV/A_Product?=&$skiptoken=300
[2025-06-24 10:41:50] http://tech.sapvista.com:50000/sap/opu/odata/sap/API_PRODUCT_SRV/A_Product?=&$skiptoken=400
[2025-06-24 10:41:51] http://tech.sapvista.com:50000/sap/opu/odata/sap/API_PRODUCT_SRV/A_Product?=&$skiptoken=500
[2025-06-24 10:41:52] http://tech.sapvista.com:50000/sap/opu/odata/sap/API_PRODUCT_SRV/A_Product?=&$skiptoken=600
[2025-06-24 10:41:52] http://tech.sapvista.com:50000/sap/opu/odata/sap/API_PRODUCT_SRV/A_Product?=&$skiptoken=700
[2025-06-24 10:41:53] http://tech.sapvista.com:50000/sap/opu/odata/sap/API_PRODUCT_SRV/A_Product?=&$skiptoken=800
[2025-06-24 10:41:55] http://tech.sapvista.com:50000/sap/opu/odata/sap/API_PRODUCT_SRV/A_Product?=&$skiptoken=900
[2025-06-24 10:41:55] http://tech.sapvista.com:50000/sap/opu/odata/sap/API_PRODUCT_SRV/A_Product?=&$skiptoken=1000
[2025-06-24 10:41:56] http://tech.sapvista.com:50000/sap/opu/odata/sap/API_PRODUCT_SRV/A_Product?=&$skiptoken=1100
[2025-06-24 10:41:57] http://tech.sapvista.com:50000/sap/opu/odata/sap/API_PRODUCT_SRV/A_Product?=&$skiptoken=1200
[2025-06-24 10:41:58] http://tech.sapvista.com:50000/sap/opu/odata/sap/API_PRODUCT_SRV/A_Product?=&$skiptoken=1300
[2025-06-24 10:41:58] http://tech.sapvista.com:50000/sap/opu/odata/sap/API_PRODUCT_SRV/A_Product?=&$skiptoken=1400
[2025-06-24 10:41:59] http://tech.sapvista.com:50000/sap/opu/odata/sap/API_PRODUCT_SRV/A_Product?=&$skiptoken=1500
[2025-06-24 10:42:00] http://tech.sapvista.com:50000/sap/opu/odata/sap/API_PRODUCT_SRV/A_Product?=&$skiptoken=1600
[2025-06-24 10:42:01] http://tech.sapvista.com:50000/sap/opu/odata/sap/API_PRODUCT_SRV/A_Product?=&$skiptoken=1700
[2025-06-24 10:42:02] http://tech.sapvista.com:50000/sap/opu/odata/sap/API_PRODUCT_SRV/A_Product?=&$skiptoken=1800
[2025-06-24 10:42:02] http://tech.sapvista.com:50000/sap/opu/odata/sap/API_PRODUCT_SRV/A_Product?=&$skiptoken=1900
[2025-06-24 10:42:03] http://tech.sapvista.com:50000/sap/opu/odata/sap/API_PRODUCT_SRV/A_Product?=&$skiptoken=2000
[2025-06-24 10:42:04] http://tech.sapvista.com:50000/sap/opu/odata/sap/API_PRODUCT_SRV/A_Product?=&$skiptoken=2100
[2025-06-24 10:42:05] http://tech.sapvista.com:50000/sap/opu/odata/sap/API_PRODUCT_SRV/A_Product?=&$skiptoken=2200
[2025-06-24 10:42:06] http://tech.sapvista.com:50000/sap/opu/odata/sap/API_PRODUCT_SRV/A_Product?=&$skiptoken=2300
[2025-06-24 10:42:06] http://tech.sapvista.com:50000/sap/opu/odata/sap/API_PRODUCT_SRV/A_Product?=&$skiptoken=2400
[2025-06-24 10:42:07] http://tech.sapvista.com:50000/sap/opu/odata/sap/API_PRODUCT_SRV/A_Product?=&$skiptoken=2500
[2025-06-24 10:42:08] http://tech.sapvista.com:50000/sap/opu/odata/sap/API_PRODUCT_SRV/A_Product?=&$skiptoken=2600
[2025-06-24 10:42:09] http://tech.sapvista.com:50000/sap/opu/odata/sap/API_PRODUCT_SRV/A_Product?=&$skiptoken=2700
[2025-06-24 10:42:09] http://tech.sapvista.com:50000/sap/opu/odata/sap/API_PRODUCT_SRV/A_Product?=&$skiptoken=2800
[2025-06-24 10:42:17] http://tech.sapvista.com:50000/sap/opu/odata/sap/API_PRODUCT_SRV/A_Product
[2025-06-24 10:42:18] http://tech.sapvista.com:50000/sap/opu/odata/sap/API_PRODUCT_SRV/A_Product?$skiptoken=100
[2025-06-24 10:42:19] http://tech.sapvista.com:50000/sap/opu/odata/sap/API_PRODUCT_SRV/A_Product?&$skiptoken=200
[2025-06-24 10:42:19] http://tech.sapvista.com:50000/sap/opu/odata/sap/API_PRODUCT_SRV/A_Product?=&$skiptoken=300
[2025-06-24 10:42:20] http://tech.sapvista.com:50000/sap/opu/odata/sap/API_PRODUCT_SRV/A_Product?=&$skiptoken=400
[2025-06-24 10:42:21] http://tech.sapvista.com:50000/sap/opu/odata/sap/API_PRODUCT_SRV/A_Product?=&$skiptoken=500
[2025-06-24 10:42:21] http://tech.sapvista.com:50000/sap/opu/odata/sap/API_PRODUCT_SRV/A_Product?=&$skiptoken=600
[2025-06-24 10:42:22] http://tech.sapvista.com:50000/sap/opu/odata/sap/API_PRODUCT_SRV/A_Product?=&$skiptoken=700
[2025-06-24 10:42:23] http://tech.sapvista.com:50000/sap/opu/odata/sap/API_PRODUCT_SRV/A_Product?=&$skiptoken=800
[2025-06-24 10:42:24] http://tech.sapvista.com:50000/sap/opu/odata/sap/API_PRODUCT_SRV/A_Product?=&$skiptoken=900
[2025-06-24 10:42:24] http://tech.sapvista.com:50000/sap/opu/odata/sap/API_PRODUCT_SRV/A_Product?=&$skiptoken=1000
[2025-06-24 10:42:25] http://tech.sapvista.com:50000/sap/opu/odata/sap/API_PRODUCT_SRV/A_Product?=&$skiptoken=1100
[2025-06-24 10:42:26] http://tech.sapvista.com:50000/sap/opu/odata/sap/API_PRODUCT_SRV/A_Product?=&$skiptoken=1200
[2025-06-24 10:42:27] http://tech.sapvista.com:50000/sap/opu/odata/sap/API_PRODUCT_SRV/A_Product?=&$skiptoken=1300
[2025-06-24 10:42:27] http://tech.sapvista.com:50000/sap/opu/odata/sap/API_PRODUCT_SRV/A_Product?=&$skiptoken=1400
[2025-06-24 10:42:28] http://tech.sapvista.com:50000/sap/opu/odata/sap/API_PRODUCT_SRV/A_Product?=&$skiptoken=1500
[2025-06-24 10:42:29] http://tech.sapvista.com:50000/sap/opu/odata/sap/API_PRODUCT_SRV/A_Product?=&$skiptoken=1600
[2025-06-24 10:42:29] http://tech.sapvista.com:50000/sap/opu/odata/sap/API_PRODUCT_SRV/A_Product?=&$skiptoken=1700
[2025-06-24 10:42:30] http://tech.sapvista.com:50000/sap/opu/odata/sap/API_PRODUCT_SRV/A_Product?=&$skiptoken=1800
[2025-06-24 10:42:31] http://tech.sapvista.com:50000/sap/opu/odata/sap/API_PRODUCT_SRV/A_Product?=&$skiptoken=1900
[2025-06-24 10:42:32] http://tech.sapvista.com:50000/sap/opu/odata/sap/API_PRODUCT_SRV/A_Product?=&$skiptoken=2000
[2025-06-24 10:42:32] http://tech.sapvista.com:50000/sap/opu/odata/sap/API_PRODUCT_SRV/A_Product?=&$skiptoken=2100
[2025-06-24 10:42:33] http://tech.sapvista.com:50000/sap/opu/odata/sap/API_PRODUCT_SRV/A_Product?=&$skiptoken=2200
[2025-06-24 10:42:34] http://tech.sapvista.com:50000/sap/opu/odata/sap/API_PRODUCT_SRV/A_Product?=&$skiptoken=2300
[2025-06-24 10:42:35] http://tech.sapvista.com:50000/sap/opu/odata/sap/API_PRODUCT_SRV/A_Product?=&$skiptoken=2400
[2025-06-24 10:42:35] http://tech.sapvista.com:50000/sap/opu/odata/sap/API_PRODUCT_SRV/A_Product?=&$skiptoken=2500
[2025-06-24 10:42:36] http://tech.sapvista.com:50000/sap/opu/odata/sap/API_PRODUCT_SRV/A_Product?=&$skiptoken=2600
[2025-06-24 10:42:37] http://tech.sapvista.com:50000/sap/opu/odata/sap/API_PRODUCT_SRV/A_Product?=&$skiptoken=2700
[2025-06-24 10:42:38] http://tech.sapvista.com:50000/sap/opu/odata/sap/API_PRODUCT_SRV/A_Product?=&$skiptoken=2800
[2025-06-24 10:48:32] http://tech.sapvista.com:50000/sap/opu/odata/sap/API_PRODUCT_SRV/A_Product
[2025-06-24 10:48:33] http://tech.sapvista.com:50000/sap/opu/odata/sap/API_PRODUCT_SRV/A_Product?$skiptoken=100
[2025-06-24 10:48:34] http://tech.sapvista.com:50000/sap/opu/odata/sap/API_PRODUCT_SRV/A_Product?&$skiptoken=200
[2025-06-24 10:48:34] http://tech.sapvista.com:50000/sap/opu/odata/sap/API_PRODUCT_SRV/A_Product?=&$skiptoken=300
[2025-06-24 10:48:35] http://tech.sapvista.com:50000/sap/opu/odata/sap/API_PRODUCT_SRV/A_Product?=&$skiptoken=400
[2025-06-24 10:48:36] http://tech.sapvista.com:50000/sap/opu/odata/sap/API_PRODUCT_SRV/A_Product?=&$skiptoken=500
[2025-06-24 10:48:36] http://tech.sapvista.com:50000/sap/opu/odata/sap/API_PRODUCT_SRV/A_Product?=&$skiptoken=600
[2025-06-24 10:48:37] http://tech.sapvista.com:50000/sap/opu/odata/sap/API_PRODUCT_SRV/A_Product?=&$skiptoken=700
[2025-06-24 10:48:37] http://tech.sapvista.com:50000/sap/opu/odata/sap/API_PRODUCT_SRV/A_Product?=&$skiptoken=800
[2025-06-24 10:48:38] http://tech.sapvista.com:50000/sap/opu/odata/sap/API_PRODUCT_SRV/A_Product?=&$skiptoken=900
[2025-06-24 10:48:39] http://tech.sapvista.com:50000/sap/opu/odata/sap/API_PRODUCT_SRV/A_Product?=&$skiptoken=1000
[2025-06-24 10:48:39] http://tech.sapvista.com:50000/sap/opu/odata/sap/API_PRODUCT_SRV/A_Product?=&$skiptoken=1100
[2025-06-24 10:48:40] http://tech.sapvista.com:50000/sap/opu/odata/sap/API_PRODUCT_SRV/A_Product?=&$skiptoken=1200
[2025-06-24 10:48:41] http://tech.sapvista.com:50000/sap/opu/odata/sap/API_PRODUCT_SRV/A_Product?=&$skiptoken=1300
[2025-06-24 10:48:41] http://tech.sapvista.com:50000/sap/opu/odata/sap/API_PRODUCT_SRV/A_Product?=&$skiptoken=1400
[2025-06-24 10:48:42] http://tech.sapvista.com:50000/sap/opu/odata/sap/API_PRODUCT_SRV/A_Product?=&$skiptoken=1500
[2025-06-24 10:48:42] http://tech.sapvista.com:50000/sap/opu/odata/sap/API_PRODUCT_SRV/A_Product?=&$skiptoken=1600
[2025-06-24 10:48:43] http://tech.sapvista.com:50000/sap/opu/odata/sap/API_PRODUCT_SRV/A_Product?=&$skiptoken=1700
[2025-06-24 10:48:44] http://tech.sapvista.com:50000/sap/opu/odata/sap/API_PRODUCT_SRV/A_Product?=&$skiptoken=1800
[2025-06-24 10:48:44] http://tech.sapvista.com:50000/sap/opu/odata/sap/API_PRODUCT_SRV/A_Product?=&$skiptoken=1900
[2025-06-24 10:48:45] http://tech.sapvista.com:50000/sap/opu/odata/sap/API_PRODUCT_SRV/A_Product?=&$skiptoken=2000
[2025-06-24 10:48:46] http://tech.sapvista.com:50000/sap/opu/odata/sap/API_PRODUCT_SRV/A_Product?=&$skiptoken=2100
[2025-06-24 10:48:46] http://tech.sapvista.com:50000/sap/opu/odata/sap/API_PRODUCT_SRV/A_Product?=&$skiptoken=2200
[2025-06-24 10:48:47] http://tech.sapvista.com:50000/sap/opu/odata/sap/API_PRODUCT_SRV/A_Product?=&$skiptoken=2300
[2025-06-24 10:48:48] http://tech.sapvista.com:50000/sap/opu/odata/sap/API_PRODUCT_SRV/A_Product?=&$skiptoken=2400
[2025-06-24 10:48:48] http://tech.sapvista.com:50000/sap/opu/odata/sap/API_PRODUCT_SRV/A_Product?=&$skiptoken=2500
[2025-06-24 10:48:49] http://tech.sapvista.com:50000/sap/opu/odata/sap/API_PRODUCT_SRV/A_Product?=&$skiptoken=2600
[2025-06-24 10:48:50] http://tech.sapvista.com:50000/sap/opu/odata/sap/API_PRODUCT_SRV/A_Product?=&$skiptoken=2700
[2025-06-24 10:48:50] http://tech.sapvista.com:50000/sap/opu/odata/sap/API_PRODUCT_SRV/A_Product?=&$skiptoken=2800
[2025-06-24 10:49:30] http://tech.sapvista.com:50000/sap/opu/odata/sap/API_PRODUCT_SRV/A_Product
[2025-06-24 10:49:30] http://tech.sapvista.com:50000/sap/opu/odata/sap/API_PRODUCT_SRV/A_Product?$skiptoken=100
[2025-06-24 10:49:31] http://tech.sapvista.com:50000/sap/opu/odata/sap/API_PRODUCT_SRV/A_Product?&$skiptoken=200
[2025-06-24 10:49:31] http://tech.sapvista.com:50000/sap/opu/odata/sap/API_PRODUCT_SRV/A_Product?=&$skiptoken=300
[2025-06-24 10:49:32] http://tech.sapvista.com:50000/sap/opu/odata/sap/API_PRODUCT_SRV/A_Product?=&$skiptoken=400
[2025-06-24 10:49:33] http://tech.sapvista.com:50000/sap/opu/odata/sap/API_PRODUCT_SRV/A_Product?=&$skiptoken=500
[2025-06-24 10:49:33] http://tech.sapvista.com:50000/sap/opu/odata/sap/API_PRODUCT_SRV/A_Product?=&$skiptoken=600
[2025-06-24 10:49:34] http://tech.sapvista.com:50000/sap/opu/odata/sap/API_PRODUCT_SRV/A_Product?=&$skiptoken=700
[2025-06-24 10:49:34] http://tech.sapvista.com:50000/sap/opu/odata/sap/API_PRODUCT_SRV/A_Product?=&$skiptoken=800
[2025-06-24 10:49:35] http://tech.sapvista.com:50000/sap/opu/odata/sap/API_PRODUCT_SRV/A_Product?=&$skiptoken=900
[2025-06-24 10:49:36] http://tech.sapvista.com:50000/sap/opu/odata/sap/API_PRODUCT_SRV/A_Product?=&$skiptoken=1000
[2025-06-24 10:49:36] http://tech.sapvista.com:50000/sap/opu/odata/sap/API_PRODUCT_SRV/A_Product?=&$skiptoken=1100
[2025-06-24 10:49:37] http://tech.sapvista.com:50000/sap/opu/odata/sap/API_PRODUCT_SRV/A_Product?=&$skiptoken=1200
[2025-06-24 10:49:37] http://tech.sapvista.com:50000/sap/opu/odata/sap/API_PRODUCT_SRV/A_Product?=&$skiptoken=1300
[2025-06-24 10:49:38] http://tech.sapvista.com:50000/sap/opu/odata/sap/API_PRODUCT_SRV/A_Product?=&$skiptoken=1400
[2025-06-24 10:49:39] http://tech.sapvista.com:50000/sap/opu/odata/sap/API_PRODUCT_SRV/A_Product?=&$skiptoken=1500
[2025-06-24 10:49:39] http://tech.sapvista.com:50000/sap/opu/odata/sap/API_PRODUCT_SRV/A_Product?=&$skiptoken=1600
[2025-06-24 10:49:40] http://tech.sapvista.com:50000/sap/opu/odata/sap/API_PRODUCT_SRV/A_Product?=&$skiptoken=1700
[2025-06-24 10:49:41] http://tech.sapvista.com:50000/sap/opu/odata/sap/API_PRODUCT_SRV/A_Product?=&$skiptoken=1800
[2025-06-24 10:49:41] http://tech.sapvista.com:50000/sap/opu/odata/sap/API_PRODUCT_SRV/A_Product?=&$skiptoken=1900
[2025-06-24 10:49:42] http://tech.sapvista.com:50000/sap/opu/odata/sap/API_PRODUCT_SRV/A_Product?=&$skiptoken=2000
[2025-06-24 10:49:42] http://tech.sapvista.com:50000/sap/opu/odata/sap/API_PRODUCT_SRV/A_Product?=&$skiptoken=2100
[2025-06-24 10:49:43] http://tech.sapvista.com:50000/sap/opu/odata/sap/API_PRODUCT_SRV/A_Product?=&$skiptoken=2200
[2025-06-24 10:49:44] http://tech.sapvista.com:50000/sap/opu/odata/sap/API_PRODUCT_SRV/A_Product?=&$skiptoken=2300
[2025-06-24 10:49:44] http://tech.sapvista.com:50000/sap/opu/odata/sap/API_PRODUCT_SRV/A_Product?=&$skiptoken=2400
[2025-06-24 10:49:45] http://tech.sapvista.com:50000/sap/opu/odata/sap/API_PRODUCT_SRV/A_Product?=&$skiptoken=2500
[2025-06-24 10:49:45] http://tech.sapvista.com:50000/sap/opu/odata/sap/API_PRODUCT_SRV/A_Product?=&$skiptoken=2600
[2025-06-24 10:49:46] http://tech.sapvista.com:50000/sap/opu/odata/sap/API_PRODUCT_SRV/A_Product?=&$skiptoken=2700
[2025-06-24 10:49:47] http://tech.sapvista.com:50000/sap/opu/odata/sap/API_PRODUCT_SRV/A_Product?=&$skiptoken=2800
[2025-06-24 10:50:27] http://tech.sapvista.com:50000/sap/opu/odata/sap/API_PRODUCT_SRV/A_Product
[2025-06-24 10:50:28] http://tech.sapvista.com:50000/sap/opu/odata/sap/API_PRODUCT_SRV/A_Product?$skiptoken=100
[2025-06-24 10:50:28] http://tech.sapvista.com:50000/sap/opu/odata/sap/API_PRODUCT_SRV/A_Product?&$skiptoken=200
[2025-06-24 10:50:29] http://tech.sapvista.com:50000/sap/opu/odata/sap/API_PRODUCT_SRV/A_Product?=&$skiptoken=300
[2025-06-24 10:50:30] http://tech.sapvista.com:50000/sap/opu/odata/sap/API_PRODUCT_SRV/A_Product?=&$skiptoken=400
[2025-06-24 10:50:30] http://tech.sapvista.com:50000/sap/opu/odata/sap/API_PRODUCT_SRV/A_Product?=&$skiptoken=500
[2025-06-24 10:50:31] http://tech.sapvista.com:50000/sap/opu/odata/sap/API_PRODUCT_SRV/A_Product?=&$skiptoken=600
[2025-06-24 10:50:31] http://tech.sapvista.com:50000/sap/opu/odata/sap/API_PRODUCT_SRV/A_Product?=&$skiptoken=700
[2025-06-24 10:50:32] http://tech.sapvista.com:50000/sap/opu/odata/sap/API_PRODUCT_SRV/A_Product?=&$skiptoken=800
[2025-06-24 10:50:33] http://tech.sapvista.com:50000/sap/opu/odata/sap/API_PRODUCT_SRV/A_Product?=&$skiptoken=900
[2025-06-24 10:50:33] http://tech.sapvista.com:50000/sap/opu/odata/sap/API_PRODUCT_SRV/A_Product?=&$skiptoken=1000
[2025-06-24 10:50:34] http://tech.sapvista.com:50000/sap/opu/odata/sap/API_PRODUCT_SRV/A_Product?=&$skiptoken=1100
[2025-06-24 10:50:34] http://tech.sapvista.com:50000/sap/opu/odata/sap/API_PRODUCT_SRV/A_Product?=&$skiptoken=1200
[2025-06-24 10:50:35] http://tech.sapvista.com:50000/sap/opu/odata/sap/API_PRODUCT_SRV/A_Product?=&$skiptoken=1300
[2025-06-24 10:50:35] http://tech.sapvista.com:50000/sap/opu/odata/sap/API_PRODUCT_SRV/A_Product?=&$skiptoken=1400
[2025-06-24 10:50:36] http://tech.sapvista.com:50000/sap/opu/odata/sap/API_PRODUCT_SRV/A_Product?=&$skiptoken=1500
[2025-06-24 10:50:37] http://tech.sapvista.com:50000/sap/opu/odata/sap/API_PRODUCT_SRV/A_Product?=&$skiptoken=1600
[2025-06-24 10:50:37] http://tech.sapvista.com:50000/sap/opu/odata/sap/API_PRODUCT_SRV/A_Product?=&$skiptoken=1700
[2025-06-24 10:50:38] http://tech.sapvista.com:50000/sap/opu/odata/sap/API_PRODUCT_SRV/A_Product?=&$skiptoken=1800
[2025-06-24 10:50:38] http://tech.sapvista.com:50000/sap/opu/odata/sap/API_PRODUCT_SRV/A_Product?=&$skiptoken=1900
[2025-06-24 10:50:39] http://tech.sapvista.com:50000/sap/opu/odata/sap/API_PRODUCT_SRV/A_Product?=&$skiptoken=2000
[2025-06-24 10:50:40] http://tech.sapvista.com:50000/sap/opu/odata/sap/API_PRODUCT_SRV/A_Product?=&$skiptoken=2100
[2025-06-24 10:50:40] http://tech.sapvista.com:50000/sap/opu/odata/sap/API_PRODUCT_SRV/A_Product?=&$skiptoken=2200
[2025-06-24 10:50:41] http://tech.sapvista.com:50000/sap/opu/odata/sap/API_PRODUCT_SRV/A_Product?=&$skiptoken=2300
[2025-06-24 10:50:41] http://tech.sapvista.com:50000/sap/opu/odata/sap/API_PRODUCT_SRV/A_Product?=&$skiptoken=2400
[2025-06-24 10:50:42] http://tech.sapvista.com:50000/sap/opu/odata/sap/API_PRODUCT_SRV/A_Product?=&$skiptoken=2500
[2025-06-24 10:50:43] http://tech.sapvista.com:50000/sap/opu/odata/sap/API_PRODUCT_SRV/A_Product?=&$skiptoken=2600
[2025-06-24 10:50:43] http://tech.sapvista.com:50000/sap/opu/odata/sap/API_PRODUCT_SRV/A_Product?=&$skiptoken=2700
[2025-06-24 10:50:44] http://tech.sapvista.com:50000/sap/opu/odata/sap/API_PRODUCT_SRV/A_Product?=&$skiptoken=2800
[2025-06-24 10:51:50] http://tech.sapvista.com:50000/sap/opu/odata/sap/API_PRODUCT_SRV/A_Product
[2025-06-24 10:51:51] http://tech.sapvista.com:50000/sap/opu/odata/sap/API_PRODUCT_SRV/A_Product?$skiptoken=100
[2025-06-24 10:51:51] http://tech.sapvista.com:50000/sap/opu/odata/sap/API_PRODUCT_SRV/A_Product?&$skiptoken=200
[2025-06-24 10:51:52] http://tech.sapvista.com:50000/sap/opu/odata/sap/API_PRODUCT_SRV/A_Product?=&$skiptoken=300
[2025-06-24 10:51:52] http://tech.sapvista.com:50000/sap/opu/odata/sap/API_PRODUCT_SRV/A_Product?=&$skiptoken=400
[2025-06-24 10:51:53] http://tech.sapvista.com:50000/sap/opu/odata/sap/API_PRODUCT_SRV/A_Product?=&$skiptoken=500
[2025-06-24 10:51:54] http://tech.sapvista.com:50000/sap/opu/odata/sap/API_PRODUCT_SRV/A_Product?=&$skiptoken=600
[2025-06-24 10:51:54] http://tech.sapvista.com:50000/sap/opu/odata/sap/API_PRODUCT_SRV/A_Product?=&$skiptoken=700
[2025-06-24 10:51:55] http://tech.sapvista.com:50000/sap/opu/odata/sap/API_PRODUCT_SRV/A_Product?=&$skiptoken=800
[2025-06-24 10:51:56] http://tech.sapvista.com:50000/sap/opu/odata/sap/API_PRODUCT_SRV/A_Product?=&$skiptoken=900
[2025-06-24 10:51:56] http://tech.sapvista.com:50000/sap/opu/odata/sap/API_PRODUCT_SRV/A_Product?=&$skiptoken=1000
[2025-06-24 10:51:57] http://tech.sapvista.com:50000/sap/opu/odata/sap/API_PRODUCT_SRV/A_Product?=&$skiptoken=1100
[2025-06-24 10:51:57] http://tech.sapvista.com:50000/sap/opu/odata/sap/API_PRODUCT_SRV/A_Product?=&$skiptoken=1200
[2025-06-24 10:51:58] http://tech.sapvista.com:50000/sap/opu/odata/sap/API_PRODUCT_SRV/A_Product?=&$skiptoken=1300
[2025-06-24 10:51:59] http://tech.sapvista.com:50000/sap/opu/odata/sap/API_PRODUCT_SRV/A_Product?=&$skiptoken=1400
[2025-06-24 10:51:59] http://tech.sapvista.com:50000/sap/opu/odata/sap/API_PRODUCT_SRV/A_Product?=&$skiptoken=1500
[2025-06-24 10:52:00] http://tech.sapvista.com:50000/sap/opu/odata/sap/API_PRODUCT_SRV/A_Product?=&$skiptoken=1600
[2025-06-24 10:52:00] http://tech.sapvista.com:50000/sap/opu/odata/sap/API_PRODUCT_SRV/A_Product?=&$skiptoken=1700
[2025-06-24 10:52:01] http://tech.sapvista.com:50000/sap/opu/odata/sap/API_PRODUCT_SRV/A_Product?=&$skiptoken=1800
[2025-06-24 10:52:01] http://tech.sapvista.com:50000/sap/opu/odata/sap/API_PRODUCT_SRV/A_Product?=&$skiptoken=1900
[2025-06-24 10:52:02] http://tech.sapvista.com:50000/sap/opu/odata/sap/API_PRODUCT_SRV/A_Product?=&$skiptoken=2000
[2025-06-24 10:52:03] http://tech.sapvista.com:50000/sap/opu/odata/sap/API_PRODUCT_SRV/A_Product?=&$skiptoken=2100
[2025-06-24 10:52:03] http://tech.sapvista.com:50000/sap/opu/odata/sap/API_PRODUCT_SRV/A_Product?=&$skiptoken=2200
[2025-06-24 10:52:04] http://tech.sapvista.com:50000/sap/opu/odata/sap/API_PRODUCT_SRV/A_Product?=&$skiptoken=2300
[2025-06-24 10:52:05] http://tech.sapvista.com:50000/sap/opu/odata/sap/API_PRODUCT_SRV/A_Product?=&$skiptoken=2400
[2025-06-24 10:52:05] http://tech.sapvista.com:50000/sap/opu/odata/sap/API_PRODUCT_SRV/A_Product?=&$skiptoken=2500
[2025-06-24 10:52:06] http://tech.sapvista.com:50000/sap/opu/odata/sap/API_PRODUCT_SRV/A_Product?=&$skiptoken=2600
[2025-06-24 10:52:06] http://tech.sapvista.com:50000/sap/opu/odata/sap/API_PRODUCT_SRV/A_Product?=&$skiptoken=2700
[2025-06-24 10:52:07] http://tech.sapvista.com:50000/sap/opu/odata/sap/API_PRODUCT_SRV/A_Product?=&$skiptoken=2800
[2025-06-24 10:57:25] http://tech.sapvista.com:50000/sap/opu/odata/sap/API_PRODUCT_SRV/A_Product
[2025-06-24 10:57:25] http://tech.sapvista.com:50000/sap/opu/odata/sap/API_PRODUCT_SRV/A_Product?$skiptoken=100
[2025-06-24 10:57:26] http://tech.sapvista.com:50000/sap/opu/odata/sap/API_PRODUCT_SRV/A_Product?&$skiptoken=200
[2025-06-24 10:57:27] http://tech.sapvista.com:50000/sap/opu/odata/sap/API_PRODUCT_SRV/A_Product?=&$skiptoken=300
[2025-06-24 10:57:27] http://tech.sapvista.com:50000/sap/opu/odata/sap/API_PRODUCT_SRV/A_Product?=&$skiptoken=400
[2025-06-24 10:57:29] http://tech.sapvista.com:50000/sap/opu/odata/sap/API_PRODUCT_SRV/A_Product?=&$skiptoken=500
[2025-06-24 10:57:29] http://tech.sapvista.com:50000/sap/opu/odata/sap/API_PRODUCT_SRV/A_Product?=&$skiptoken=600
[2025-06-24 10:57:30] http://tech.sapvista.com:50000/sap/opu/odata/sap/API_PRODUCT_SRV/A_Product?=&$skiptoken=700
[2025-06-24 10:57:31] http://tech.sapvista.com:50000/sap/opu/odata/sap/API_PRODUCT_SRV/A_Product?=&$skiptoken=800
[2025-06-24 10:57:31] http://tech.sapvista.com:50000/sap/opu/odata/sap/API_PRODUCT_SRV/A_Product?=&$skiptoken=900
[2025-06-24 10:57:32] http://tech.sapvista.com:50000/sap/opu/odata/sap/API_PRODUCT_SRV/A_Product?=&$skiptoken=1000
[2025-06-24 10:57:32] http://tech.sapvista.com:50000/sap/opu/odata/sap/API_PRODUCT_SRV/A_Product?=&$skiptoken=1100
[2025-06-24 10:57:33] http://tech.sapvista.com:50000/sap/opu/odata/sap/API_PRODUCT_SRV/A_Product?=&$skiptoken=1200
[2025-06-24 10:57:34] http://tech.sapvista.com:50000/sap/opu/odata/sap/API_PRODUCT_SRV/A_Product?=&$skiptoken=1300
[2025-06-24 10:57:34] http://tech.sapvista.com:50000/sap/opu/odata/sap/API_PRODUCT_SRV/A_Product?=&$skiptoken=1400
[2025-06-24 10:57:35] http://tech.sapvista.com:50000/sap/opu/odata/sap/API_PRODUCT_SRV/A_Product?=&$skiptoken=1500
[2025-06-24 10:57:35] http://tech.sapvista.com:50000/sap/opu/odata/sap/API_PRODUCT_SRV/A_Product?=&$skiptoken=1600
[2025-06-24 10:57:36] http://tech.sapvista.com:50000/sap/opu/odata/sap/API_PRODUCT_SRV/A_Product?=&$skiptoken=1700
[2025-06-24 10:57:37] http://tech.sapvista.com:50000/sap/opu/odata/sap/API_PRODUCT_SRV/A_Product?=&$skiptoken=1800
[2025-06-24 10:57:37] http://tech.sapvista.com:50000/sap/opu/odata/sap/API_PRODUCT_SRV/A_Product?=&$skiptoken=1900
[2025-06-24 10:57:38] http://tech.sapvista.com:50000/sap/opu/odata/sap/API_PRODUCT_SRV/A_Product?=&$skiptoken=2000
[2025-06-24 10:57:38] http://tech.sapvista.com:50000/sap/opu/odata/sap/API_PRODUCT_SRV/A_Product?=&$skiptoken=2100
[2025-06-24 10:57:39] http://tech.sapvista.com:50000/sap/opu/odata/sap/API_PRODUCT_SRV/A_Product?=&$skiptoken=2200
[2025-06-24 10:57:40] http://tech.sapvista.com:50000/sap/opu/odata/sap/API_PRODUCT_SRV/A_Product?=&$skiptoken=2300
[2025-06-24 10:57:40] http://tech.sapvista.com:50000/sap/opu/odata/sap/API_PRODUCT_SRV/A_Product?=&$skiptoken=2400
[2025-06-24 10:57:41] http://tech.sapvista.com:50000/sap/opu/odata/sap/API_PRODUCT_SRV/A_Product?=&$skiptoken=2500
[2025-06-24 10:57:41] http://tech.sapvista.com:50000/sap/opu/odata/sap/API_PRODUCT_SRV/A_Product?=&$skiptoken=2600
[2025-06-24 10:57:42] http://tech.sapvista.com:50000/sap/opu/odata/sap/API_PRODUCT_SRV/A_Product?=&$skiptoken=2700
[2025-06-24 10:57:43] http://tech.sapvista.com:50000/sap/opu/odata/sap/API_PRODUCT_SRV/A_Product?=&$skiptoken=2800
[2025-06-24 10:58:46] http://tech.sapvista.com:50000/sap/opu/odata/sap/API_PRODUCT_SRV/A_Product
[2025-06-24 10:58:47] http://tech.sapvista.com:50000/sap/opu/odata/sap/API_PRODUCT_SRV/A_Product?$skiptoken=100
[2025-06-24 10:58:47] http://tech.sapvista.com:50000/sap/opu/odata/sap/API_PRODUCT_SRV/A_Product?&$skiptoken=200
[2025-06-24 10:58:48] http://tech.sapvista.com:50000/sap/opu/odata/sap/API_PRODUCT_SRV/A_Product?=&$skiptoken=300
[2025-06-24 10:58:48] http://tech.sapvista.com:50000/sap/opu/odata/sap/API_PRODUCT_SRV/A_Product?=&$skiptoken=400
[2025-06-24 10:58:49] http://tech.sapvista.com:50000/sap/opu/odata/sap/API_PRODUCT_SRV/A_Product?=&$skiptoken=500
[2025-06-24 10:58:50] http://tech.sapvista.com:50000/sap/opu/odata/sap/API_PRODUCT_SRV/A_Product?=&$skiptoken=600
[2025-06-24 10:58:50] http://tech.sapvista.com:50000/sap/opu/odata/sap/API_PRODUCT_SRV/A_Product?=&$skiptoken=700
[2025-06-24 10:58:51] http://tech.sapvista.com:50000/sap/opu/odata/sap/API_PRODUCT_SRV/A_Product?=&$skiptoken=800
[2025-06-24 10:58:51] http://tech.sapvista.com:50000/sap/opu/odata/sap/API_PRODUCT_SRV/A_Product?=&$skiptoken=900
[2025-06-24 10:58:52] http://tech.sapvista.com:50000/sap/opu/odata/sap/API_PRODUCT_SRV/A_Product?=&$skiptoken=1000
[2025-06-24 10:58:53] http://tech.sapvista.com:50000/sap/opu/odata/sap/API_PRODUCT_SRV/A_Product?=&$skiptoken=1100
[2025-06-24 10:58:53] http://tech.sapvista.com:50000/sap/opu/odata/sap/API_PRODUCT_SRV/A_Product?=&$skiptoken=1200
[2025-06-24 10:58:54] http://tech.sapvista.com:50000/sap/opu/odata/sap/API_PRODUCT_SRV/A_Product?=&$skiptoken=1300
[2025-06-24 10:58:54] http://tech.sapvista.com:50000/sap/opu/odata/sap/API_PRODUCT_SRV/A_Product?=&$skiptoken=1400
[2025-06-24 10:58:55] http://tech.sapvista.com:50000/sap/opu/odata/sap/API_PRODUCT_SRV/A_Product?=&$skiptoken=1500
[2025-06-24 10:58:56] http://tech.sapvista.com:50000/sap/opu/odata/sap/API_PRODUCT_SRV/A_Product?=&$skiptoken=1600
[2025-06-24 10:58:56] http://tech.sapvista.com:50000/sap/opu/odata/sap/API_PRODUCT_SRV/A_Product?=&$skiptoken=1700
[2025-06-24 10:58:57] http://tech.sapvista.com:50000/sap/opu/odata/sap/API_PRODUCT_SRV/A_Product?=&$skiptoken=1800
[2025-06-24 10:58:57] http://tech.sapvista.com:50000/sap/opu/odata/sap/API_PRODUCT_SRV/A_Product?=&$skiptoken=1900
[2025-06-24 10:58:58] http://tech.sapvista.com:50000/sap/opu/odata/sap/API_PRODUCT_SRV/A_Product?=&$skiptoken=2000
[2025-06-24 10:58:59] http://tech.sapvista.com:50000/sap/opu/odata/sap/API_PRODUCT_SRV/A_Product?=&$skiptoken=2100
[2025-06-24 10:58:59] http://tech.sapvista.com:50000/sap/opu/odata/sap/API_PRODUCT_SRV/A_Product?=&$skiptoken=2200
[2025-06-24 10:59:00] http://tech.sapvista.com:50000/sap/opu/odata/sap/API_PRODUCT_SRV/A_Product?=&$skiptoken=2300
[2025-06-24 10:59:00] http://tech.sapvista.com:50000/sap/opu/odata/sap/API_PRODUCT_SRV/A_Product?=&$skiptoken=2400
[2025-06-24 10:59:01] http://tech.sapvista.com:50000/sap/opu/odata/sap/API_PRODUCT_SRV/A_Product?=&$skiptoken=2500
[2025-06-24 10:59:02] http://tech.sapvista.com:50000/sap/opu/odata/sap/API_PRODUCT_SRV/A_Product?=&$skiptoken=2600
[2025-06-24 10:59:02] http://tech.sapvista.com:50000/sap/opu/odata/sap/API_PRODUCT_SRV/A_Product?=&$skiptoken=2700
[2025-06-24 10:59:03] http://tech.sapvista.com:50000/sap/opu/odata/sap/API_PRODUCT_SRV/A_Product?=&$skiptoken=2800
[2025-06-24 11:00:04] http://tech.sapvista.com:50000/sap/opu/odata/sap/API_PRODUCT_SRV/A_Product
[2025-06-24 11:00:04] http://tech.sapvista.com:50000/sap/opu/odata/sap/API_PRODUCT_SRV/A_Product?$skiptoken=100
[2025-06-24 11:00:05] http://tech.sapvista.com:50000/sap/opu/odata/sap/API_PRODUCT_SRV/A_Product?&$skiptoken=200
[2025-06-24 11:00:06] http://tech.sapvista.com:50000/sap/opu/odata/sap/API_PRODUCT_SRV/A_Product?=&$skiptoken=300
[2025-06-24 11:00:06] http://tech.sapvista.com:50000/sap/opu/odata/sap/API_PRODUCT_SRV/A_Product?=&$skiptoken=400
[2025-06-24 11:00:07] http://tech.sapvista.com:50000/sap/opu/odata/sap/API_PRODUCT_SRV/A_Product?=&$skiptoken=500
[2025-06-24 11:00:07] http://tech.sapvista.com:50000/sap/opu/odata/sap/API_PRODUCT_SRV/A_Product?=&$skiptoken=600
[2025-06-24 11:00:08] http://tech.sapvista.com:50000/sap/opu/odata/sap/API_PRODUCT_SRV/A_Product?=&$skiptoken=700
[2025-06-24 11:00:08] http://tech.sapvista.com:50000/sap/opu/odata/sap/API_PRODUCT_SRV/A_Product?=&$skiptoken=800
[2025-06-24 11:00:09] http://tech.sapvista.com:50000/sap/opu/odata/sap/API_PRODUCT_SRV/A_Product?=&$skiptoken=900
[2025-06-24 11:00:10] http://tech.sapvista.com:50000/sap/opu/odata/sap/API_PRODUCT_SRV/A_Product?=&$skiptoken=1000
[2025-06-24 11:00:10] http://tech.sapvista.com:50000/sap/opu/odata/sap/API_PRODUCT_SRV/A_Product?=&$skiptoken=1100
[2025-06-24 11:00:11] http://tech.sapvista.com:50000/sap/opu/odata/sap/API_PRODUCT_SRV/A_Product?=&$skiptoken=1200
[2025-06-24 11:00:11] http://tech.sapvista.com:50000/sap/opu/odata/sap/API_PRODUCT_SRV/A_Product?=&$skiptoken=1300
[2025-06-24 11:00:12] http://tech.sapvista.com:50000/sap/opu/odata/sap/API_PRODUCT_SRV/A_Product?=&$skiptoken=1400
[2025-06-24 11:00:13] http://tech.sapvista.com:50000/sap/opu/odata/sap/API_PRODUCT_SRV/A_Product?=&$skiptoken=1500
[2025-06-24 11:00:13] http://tech.sapvista.com:50000/sap/opu/odata/sap/API_PRODUCT_SRV/A_Product?=&$skiptoken=1600
[2025-06-24 11:00:14] http://tech.sapvista.com:50000/sap/opu/odata/sap/API_PRODUCT_SRV/A_Product?=&$skiptoken=1700
[2025-06-24 11:00:14] http://tech.sapvista.com:50000/sap/opu/odata/sap/API_PRODUCT_SRV/A_Product?=&$skiptoken=1800
[2025-06-24 11:00:15] http://tech.sapvista.com:50000/sap/opu/odata/sap/API_PRODUCT_SRV/A_Product?=&$skiptoken=1900
[2025-06-24 11:00:15] http://tech.sapvista.com:50000/sap/opu/odata/sap/API_PRODUCT_SRV/A_Product?=&$skiptoken=2000
[2025-06-24 11:00:16] http://tech.sapvista.com:50000/sap/opu/odata/sap/API_PRODUCT_SRV/A_Product?=&$skiptoken=2100
[2025-06-24 11:00:17] http://tech.sapvista.com:50000/sap/opu/odata/sap/API_PRODUCT_SRV/A_Product?=&$skiptoken=2200
[2025-06-24 11:00:17] http://tech.sapvista.com:50000/sap/opu/odata/sap/API_PRODUCT_SRV/A_Product?=&$skiptoken=2300
[2025-06-24 11:00:18] http://tech.sapvista.com:50000/sap/opu/odata/sap/API_PRODUCT_SRV/A_Product?=&$skiptoken=2400
[2025-06-24 11:00:18] http://tech.sapvista.com:50000/sap/opu/odata/sap/API_PRODUCT_SRV/A_Product?=&$skiptoken=2500
[2025-06-24 11:00:19] http://tech.sapvista.com:50000/sap/opu/odata/sap/API_PRODUCT_SRV/A_Product?=&$skiptoken=2600
[2025-06-24 11:00:20] http://tech.sapvista.com:50000/sap/opu/odata/sap/API_PRODUCT_SRV/A_Product?=&$skiptoken=2700
[2025-06-24 11:00:20] http://tech.sapvista.com:50000/sap/opu/odata/sap/API_PRODUCT_SRV/A_Product?=&$skiptoken=2800
[2025-06-24 11:01:23] http://tech.sapvista.com:50000/sap/opu/odata/sap/API_PRODUCT_SRV/A_Product
[2025-06-24 11:01:24] http://tech.sapvista.com:50000/sap/opu/odata/sap/API_PRODUCT_SRV/A_Product?$skiptoken=100
[2025-06-24 11:01:24] http://tech.sapvista.com:50000/sap/opu/odata/sap/API_PRODUCT_SRV/A_Product?&$skiptoken=200
[2025-06-24 11:01:25] http://tech.sapvista.com:50000/sap/opu/odata/sap/API_PRODUCT_SRV/A_Product?=&$skiptoken=300
[2025-06-24 11:01:26] http://tech.sapvista.com:50000/sap/opu/odata/sap/API_PRODUCT_SRV/A_Product?=&$skiptoken=400
[2025-06-24 11:01:27] http://tech.sapvista.com:50000/sap/opu/odata/sap/API_PRODUCT_SRV/A_Product?=&$skiptoken=500
[2025-06-24 11:01:27] http://tech.sapvista.com:50000/sap/opu/odata/sap/API_PRODUCT_SRV/A_Product?=&$skiptoken=600
[2025-06-24 11:01:28] http://tech.sapvista.com:50000/sap/opu/odata/sap/API_PRODUCT_SRV/A_Product?=&$skiptoken=700
[2025-06-24 11:01:29] http://tech.sapvista.com:50000/sap/opu/odata/sap/API_PRODUCT_SRV/A_Product?=&$skiptoken=800
[2025-06-24 11:01:29] http://tech.sapvista.com:50000/sap/opu/odata/sap/API_PRODUCT_SRV/A_Product?=&$skiptoken=900
[2025-06-24 11:01:30] http://tech.sapvista.com:50000/sap/opu/odata/sap/API_PRODUCT_SRV/A_Product?=&$skiptoken=1000
[2025-06-24 11:01:31] http://tech.sapvista.com:50000/sap/opu/odata/sap/API_PRODUCT_SRV/A_Product?=&$skiptoken=1100
[2025-06-24 11:01:32] http://tech.sapvista.com:50000/sap/opu/odata/sap/API_PRODUCT_SRV/A_Product?=&$skiptoken=1200
[2025-06-24 11:01:32] http://tech.sapvista.com:50000/sap/opu/odata/sap/API_PRODUCT_SRV/A_Product?=&$skiptoken=1300
[2025-06-24 11:01:33] http://tech.sapvista.com:50000/sap/opu/odata/sap/API_PRODUCT_SRV/A_Product?=&$skiptoken=1400
[2025-06-24 11:01:33] http://tech.sapvista.com:50000/sap/opu/odata/sap/API_PRODUCT_SRV/A_Product?=&$skiptoken=1500
[2025-06-24 11:01:34] http://tech.sapvista.com:50000/sap/opu/odata/sap/API_PRODUCT_SRV/A_Product?=&$skiptoken=1600
[2025-06-24 11:01:35] http://tech.sapvista.com:50000/sap/opu/odata/sap/API_PRODUCT_SRV/A_Product?=&$skiptoken=1700
[2025-06-24 11:01:35] http://tech.sapvista.com:50000/sap/opu/odata/sap/API_PRODUCT_SRV/A_Product?=&$skiptoken=1800
[2025-06-24 11:01:36] http://tech.sapvista.com:50000/sap/opu/odata/sap/API_PRODUCT_SRV/A_Product?=&$skiptoken=1900
[2025-06-24 11:01:36] http://tech.sapvista.com:50000/sap/opu/odata/sap/API_PRODUCT_SRV/A_Product?=&$skiptoken=2000
[2025-06-24 11:01:37] http://tech.sapvista.com:50000/sap/opu/odata/sap/API_PRODUCT_SRV/A_Product?=&$skiptoken=2100
[2025-06-24 11:01:38] http://tech.sapvista.com:50000/sap/opu/odata/sap/API_PRODUCT_SRV/A_Product?=&$skiptoken=2200
[2025-06-24 11:01:38] http://tech.sapvista.com:50000/sap/opu/odata/sap/API_PRODUCT_SRV/A_Product?=&$skiptoken=2300
[2025-06-24 11:01:39] http://tech.sapvista.com:50000/sap/opu/odata/sap/API_PRODUCT_SRV/A_Product?=&$skiptoken=2400
[2025-06-24 11:01:39] http://tech.sapvista.com:50000/sap/opu/odata/sap/API_PRODUCT_SRV/A_Product?=&$skiptoken=2500
[2025-06-24 11:01:40] http://tech.sapvista.com:50000/sap/opu/odata/sap/API_PRODUCT_SRV/A_Product?=&$skiptoken=2600
[2025-06-24 11:01:41] http://tech.sapvista.com:50000/sap/opu/odata/sap/API_PRODUCT_SRV/A_Product?=&$skiptoken=2700
[2025-06-24 11:01:41] http://tech.sapvista.com:50000/sap/opu/odata/sap/API_PRODUCT_SRV/A_Product?=&$skiptoken=2800
[2025-06-24 11:01:59] http://tech.sapvista.com:50000/sap/opu/odata/sap/API_PRODUCT_SRV/A_Product
[2025-06-24 11:02:00] http://tech.sapvista.com:50000/sap/opu/odata/sap/API_PRODUCT_SRV/A_Product?$skiptoken=100
[2025-06-24 11:02:00] http://tech.sapvista.com:50000/sap/opu/odata/sap/API_PRODUCT_SRV/A_Product?&$skiptoken=200
[2025-06-24 11:02:01] http://tech.sapvista.com:50000/sap/opu/odata/sap/API_PRODUCT_SRV/A_Product?=&$skiptoken=300
[2025-06-24 11:02:02] http://tech.sapvista.com:50000/sap/opu/odata/sap/API_PRODUCT_SRV/A_Product?=&$skiptoken=400
[2025-06-24 11:02:02] http://tech.sapvista.com:50000/sap/opu/odata/sap/API_PRODUCT_SRV/A_Product?=&$skiptoken=500
[2025-06-24 11:02:03] http://tech.sapvista.com:50000/sap/opu/odata/sap/API_PRODUCT_SRV/A_Product?=&$skiptoken=600
[2025-06-24 11:02:04] http://tech.sapvista.com:50000/sap/opu/odata/sap/API_PRODUCT_SRV/A_Product?=&$skiptoken=700
[2025-06-24 11:02:04] http://tech.sapvista.com:50000/sap/opu/odata/sap/API_PRODUCT_SRV/A_Product?=&$skiptoken=800
[2025-06-24 11:02:05] http://tech.sapvista.com:50000/sap/opu/odata/sap/API_PRODUCT_SRV/A_Product?=&$skiptoken=900
[2025-06-24 11:02:05] http://tech.sapvista.com:50000/sap/opu/odata/sap/API_PRODUCT_SRV/A_Product?=&$skiptoken=1000
[2025-06-24 11:02:06] http://tech.sapvista.com:50000/sap/opu/odata/sap/API_PRODUCT_SRV/A_Product?=&$skiptoken=1100
[2025-06-24 11:02:07] http://tech.sapvista.com:50000/sap/opu/odata/sap/API_PRODUCT_SRV/A_Product?=&$skiptoken=1200
[2025-06-24 11:02:07] http://tech.sapvista.com:50000/sap/opu/odata/sap/API_PRODUCT_SRV/A_Product?=&$skiptoken=1300
[2025-06-24 11:02:08] http://tech.sapvista.com:50000/sap/opu/odata/sap/API_PRODUCT_SRV/A_Product?=&$skiptoken=1400
[2025-06-24 11:02:08] http://tech.sapvista.com:50000/sap/opu/odata/sap/API_PRODUCT_SRV/A_Product?=&$skiptoken=1500
[2025-06-24 11:02:09] http://tech.sapvista.com:50000/sap/opu/odata/sap/API_PRODUCT_SRV/A_Product?=&$skiptoken=1600
[2025-06-24 11:02:09] http://tech.sapvista.com:50000/sap/opu/odata/sap/API_PRODUCT_SRV/A_Product?=&$skiptoken=1700
[2025-06-24 11:02:10] http://tech.sapvista.com:50000/sap/opu/odata/sap/API_PRODUCT_SRV/A_Product?=&$skiptoken=1800
[2025-06-24 11:02:11] http://tech.sapvista.com:50000/sap/opu/odata/sap/API_PRODUCT_SRV/A_Product?=&$skiptoken=1900
[2025-06-24 11:02:11] http://tech.sapvista.com:50000/sap/opu/odata/sap/API_PRODUCT_SRV/A_Product?=&$skiptoken=2000
[2025-06-24 11:02:12] http://tech.sapvista.com:50000/sap/opu/odata/sap/API_PRODUCT_SRV/A_Product?=&$skiptoken=2100
[2025-06-24 11:02:12] http://tech.sapvista.com:50000/sap/opu/odata/sap/API_PRODUCT_SRV/A_Product?=&$skiptoken=2200
[2025-06-24 11:02:13] http://tech.sapvista.com:50000/sap/opu/odata/sap/API_PRODUCT_SRV/A_Product?=&$skiptoken=2300
[2025-06-24 11:02:14] http://tech.sapvista.com:50000/sap/opu/odata/sap/API_PRODUCT_SRV/A_Product?=&$skiptoken=2400
[2025-06-24 11:02:14] http://tech.sapvista.com:50000/sap/opu/odata/sap/API_PRODUCT_SRV/A_Product?=&$skiptoken=2500
[2025-06-24 11:02:15] http://tech.sapvista.com:50000/sap/opu/odata/sap/API_PRODUCT_SRV/A_Product?=&$skiptoken=2600
[2025-06-24 11:02:16] http://tech.sapvista.com:50000/sap/opu/odata/sap/API_PRODUCT_SRV/A_Product?=&$skiptoken=2700
[2025-06-24 11:02:16] http://tech.sapvista.com:50000/sap/opu/odata/sap/API_PRODUCT_SRV/A_Product?=&$skiptoken=2800
[2025-06-24 11:04:15] http://tech.sapvista.com:50000/sap/opu/odata/sap/API_PRODUCT_SRV/A_Product
[2025-06-24 11:04:15] http://tech.sapvista.com:50000/sap/opu/odata/sap/API_PRODUCT_SRV/A_Product?$skiptoken=100
[2025-06-24 11:04:16] http://tech.sapvista.com:50000/sap/opu/odata/sap/API_PRODUCT_SRV/A_Product?&$skiptoken=200
[2025-06-24 11:04:17] http://tech.sapvista.com:50000/sap/opu/odata/sap/API_PRODUCT_SRV/A_Product?=&$skiptoken=300
[2025-06-24 11:04:17] http://tech.sapvista.com:50000/sap/opu/odata/sap/API_PRODUCT_SRV/A_Product?=&$skiptoken=400
[2025-06-24 11:04:18] http://tech.sapvista.com:50000/sap/opu/odata/sap/API_PRODUCT_SRV/A_Product?=&$skiptoken=500
[2025-06-24 11:04:18] http://tech.sapvista.com:50000/sap/opu/odata/sap/API_PRODUCT_SRV/A_Product?=&$skiptoken=600
[2025-06-24 11:04:19] http://tech.sapvista.com:50000/sap/opu/odata/sap/API_PRODUCT_SRV/A_Product?=&$skiptoken=700
[2025-06-24 11:04:20] http://tech.sapvista.com:50000/sap/opu/odata/sap/API_PRODUCT_SRV/A_Product?=&$skiptoken=800
[2025-06-24 11:04:20] http://tech.sapvista.com:50000/sap/opu/odata/sap/API_PRODUCT_SRV/A_Product?=&$skiptoken=900
[2025-06-24 11:04:21] http://tech.sapvista.com:50000/sap/opu/odata/sap/API_PRODUCT_SRV/A_Product?=&$skiptoken=1000
[2025-06-24 11:04:21] http://tech.sapvista.com:50000/sap/opu/odata/sap/API_PRODUCT_SRV/A_Product?=&$skiptoken=1100
[2025-06-24 11:04:22] http://tech.sapvista.com:50000/sap/opu/odata/sap/API_PRODUCT_SRV/A_Product?=&$skiptoken=1200
[2025-06-24 11:04:23] http://tech.sapvista.com:50000/sap/opu/odata/sap/API_PRODUCT_SRV/A_Product?=&$skiptoken=1300
[2025-06-24 11:04:23] http://tech.sapvista.com:50000/sap/opu/odata/sap/API_PRODUCT_SRV/A_Product?=&$skiptoken=1400
[2025-06-24 11:04:24] http://tech.sapvista.com:50000/sap/opu/odata/sap/API_PRODUCT_SRV/A_Product?=&$skiptoken=1500
[2025-06-24 11:04:24] http://tech.sapvista.com:50000/sap/opu/odata/sap/API_PRODUCT_SRV/A_Product?=&$skiptoken=1600
[2025-06-24 11:04:25] http://tech.sapvista.com:50000/sap/opu/odata/sap/API_PRODUCT_SRV/A_Product?=&$skiptoken=1700
[2025-06-24 11:04:26] http://tech.sapvista.com:50000/sap/opu/odata/sap/API_PRODUCT_SRV/A_Product?=&$skiptoken=1800
[2025-06-24 11:04:26] http://tech.sapvista.com:50000/sap/opu/odata/sap/API_PRODUCT_SRV/A_Product?=&$skiptoken=1900
[2025-06-24 11:04:27] http://tech.sapvista.com:50000/sap/opu/odata/sap/API_PRODUCT_SRV/A_Product?=&$skiptoken=2000
[2025-06-24 11:04:27] http://tech.sapvista.com:50000/sap/opu/odata/sap/API_PRODUCT_SRV/A_Product?=&$skiptoken=2100
[2025-06-24 11:04:28] http://tech.sapvista.com:50000/sap/opu/odata/sap/API_PRODUCT_SRV/A_Product?=&$skiptoken=2200
[2025-06-24 11:04:29] http://tech.sapvista.com:50000/sap/opu/odata/sap/API_PRODUCT_SRV/A_Product?=&$skiptoken=2300
[2025-06-24 11:04:29] http://tech.sapvista.com:50000/sap/opu/odata/sap/API_PRODUCT_SRV/A_Product?=&$skiptoken=2400
[2025-06-24 11:04:30] http://tech.sapvista.com:50000/sap/opu/odata/sap/API_PRODUCT_SRV/A_Product?=&$skiptoken=2500
[2025-06-24 11:04:30] http://tech.sapvista.com:50000/sap/opu/odata/sap/API_PRODUCT_SRV/A_Product?=&$skiptoken=2600
[2025-06-24 11:04:31] http://tech.sapvista.com:50000/sap/opu/odata/sap/API_PRODUCT_SRV/A_Product?=&$skiptoken=2700
[2025-06-24 11:04:32] http://tech.sapvista.com:50000/sap/opu/odata/sap/API_PRODUCT_SRV/A_Product?=&$skiptoken=2800
[2025-06-24 11:05:11] http://tech.sapvista.com:50000/sap/opu/odata/sap/API_PRODUCT_SRV/A_Product
[2025-06-24 11:05:12] http://tech.sapvista.com:50000/sap/opu/odata/sap/API_PRODUCT_SRV/A_Product?$skiptoken=100
[2025-06-24 11:05:12] http://tech.sapvista.com:50000/sap/opu/odata/sap/API_PRODUCT_SRV/A_Product?&$skiptoken=200
[2025-06-24 11:05:13] http://tech.sapvista.com:50000/sap/opu/odata/sap/API_PRODUCT_SRV/A_Product?=&$skiptoken=300
[2025-06-24 11:05:14] http://tech.sapvista.com:50000/sap/opu/odata/sap/API_PRODUCT_SRV/A_Product?=&$skiptoken=400
[2025-06-24 11:05:14] http://tech.sapvista.com:50000/sap/opu/odata/sap/API_PRODUCT_SRV/A_Product?=&$skiptoken=500
[2025-06-24 11:05:15] http://tech.sapvista.com:50000/sap/opu/odata/sap/API_PRODUCT_SRV/A_Product?=&$skiptoken=600
[2025-06-24 11:05:15] http://tech.sapvista.com:50000/sap/opu/odata/sap/API_PRODUCT_SRV/A_Product?=&$skiptoken=700
[2025-06-24 11:05:16] http://tech.sapvista.com:50000/sap/opu/odata/sap/API_PRODUCT_SRV/A_Product?=&$skiptoken=800
[2025-06-24 11:05:17] http://tech.sapvista.com:50000/sap/opu/odata/sap/API_PRODUCT_SRV/A_Product?=&$skiptoken=900
[2025-06-24 11:05:17] http://tech.sapvista.com:50000/sap/opu/odata/sap/API_PRODUCT_SRV/A_Product?=&$skiptoken=1000
[2025-06-24 11:05:18] http://tech.sapvista.com:50000/sap/opu/odata/sap/API_PRODUCT_SRV/A_Product?=&$skiptoken=1100
[2025-06-24 11:05:18] http://tech.sapvista.com:50000/sap/opu/odata/sap/API_PRODUCT_SRV/A_Product?=&$skiptoken=1200
[2025-06-24 11:05:19] http://tech.sapvista.com:50000/sap/opu/odata/sap/API_PRODUCT_SRV/A_Product?=&$skiptoken=1300
[2025-06-24 11:05:20] http://tech.sapvista.com:50000/sap/opu/odata/sap/API_PRODUCT_SRV/A_Product?=&$skiptoken=1400
[2025-06-24 11:05:20] http://tech.sapvista.com:50000/sap/opu/odata/sap/API_PRODUCT_SRV/A_Product?=&$skiptoken=1500
[2025-06-24 11:05:21] http://tech.sapvista.com:50000/sap/opu/odata/sap/API_PRODUCT_SRV/A_Product?=&$skiptoken=1600
[2025-06-24 11:05:21] http://tech.sapvista.com:50000/sap/opu/odata/sap/API_PRODUCT_SRV/A_Product?=&$skiptoken=1700
[2025-06-24 11:05:22] http://tech.sapvista.com:50000/sap/opu/odata/sap/API_PRODUCT_SRV/A_Product?=&$skiptoken=1800
[2025-06-24 11:05:23] http://tech.sapvista.com:50000/sap/opu/odata/sap/API_PRODUCT_SRV/A_Product?=&$skiptoken=1900
[2025-06-24 11:05:23] http://tech.sapvista.com:50000/sap/opu/odata/sap/API_PRODUCT_SRV/A_Product?=&$skiptoken=2000
[2025-06-24 11:05:24] http://tech.sapvista.com:50000/sap/opu/odata/sap/API_PRODUCT_SRV/A_Product?=&$skiptoken=2100
[2025-06-24 11:05:24] http://tech.sapvista.com:50000/sap/opu/odata/sap/API_PRODUCT_SRV/A_Product?=&$skiptoken=2200
[2025-06-24 11:05:25] http://tech.sapvista.com:50000/sap/opu/odata/sap/API_PRODUCT_SRV/A_Product?=&$skiptoken=2300
[2025-06-24 11:05:26] http://tech.sapvista.com:50000/sap/opu/odata/sap/API_PRODUCT_SRV/A_Product?=&$skiptoken=2400
[2025-06-24 11:05:26] http://tech.sapvista.com:50000/sap/opu/odata/sap/API_PRODUCT_SRV/A_Product?=&$skiptoken=2500
[2025-06-24 11:05:27] http://tech.sapvista.com:50000/sap/opu/odata/sap/API_PRODUCT_SRV/A_Product?=&$skiptoken=2600
[2025-06-24 11:05:28] http://tech.sapvista.com:50000/sap/opu/odata/sap/API_PRODUCT_SRV/A_Product?=&$skiptoken=2700
[2025-06-24 11:05:28] http://tech.sapvista.com:50000/sap/opu/odata/sap/API_PRODUCT_SRV/A_Product?=&$skiptoken=2800
[2025-06-24 11:06:12] http://tech.sapvista.com:50000/sap/opu/odata/sap/API_PRODUCT_SRV/A_Product
[2025-06-24 11:06:13] http://tech.sapvista.com:50000/sap/opu/odata/sap/API_PRODUCT_SRV/A_Product?$skiptoken=100
[2025-06-24 11:06:14] http://tech.sapvista.com:50000/sap/opu/odata/sap/API_PRODUCT_SRV/A_Product?&$skiptoken=200
[2025-06-24 11:06:14] http://tech.sapvista.com:50000/sap/opu/odata/sap/API_PRODUCT_SRV/A_Product?=&$skiptoken=300
[2025-06-24 11:06:15] http://tech.sapvista.com:50000/sap/opu/odata/sap/API_PRODUCT_SRV/A_Product?=&$skiptoken=400
[2025-06-24 11:06:15] http://tech.sapvista.com:50000/sap/opu/odata/sap/API_PRODUCT_SRV/A_Product?=&$skiptoken=500
[2025-06-24 11:06:16] http://tech.sapvista.com:50000/sap/opu/odata/sap/API_PRODUCT_SRV/A_Product?=&$skiptoken=600
[2025-06-24 11:06:17] http://tech.sapvista.com:50000/sap/opu/odata/sap/API_PRODUCT_SRV/A_Product?=&$skiptoken=700
[2025-06-24 11:06:17] http://tech.sapvista.com:50000/sap/opu/odata/sap/API_PRODUCT_SRV/A_Product?=&$skiptoken=800
[2025-06-24 11:06:18] http://tech.sapvista.com:50000/sap/opu/odata/sap/API_PRODUCT_SRV/A_Product?=&$skiptoken=900
[2025-06-24 11:06:18] http://tech.sapvista.com:50000/sap/opu/odata/sap/API_PRODUCT_SRV/A_Product?=&$skiptoken=1000
[2025-06-24 11:06:19] http://tech.sapvista.com:50000/sap/opu/odata/sap/API_PRODUCT_SRV/A_Product?=&$skiptoken=1100
[2025-06-24 11:06:20] http://tech.sapvista.com:50000/sap/opu/odata/sap/API_PRODUCT_SRV/A_Product?=&$skiptoken=1200
[2025-06-24 11:06:20] http://tech.sapvista.com:50000/sap/opu/odata/sap/API_PRODUCT_SRV/A_Product?=&$skiptoken=1300
[2025-06-24 11:06:21] http://tech.sapvista.com:50000/sap/opu/odata/sap/API_PRODUCT_SRV/A_Product?=&$skiptoken=1400
[2025-06-24 11:06:21] http://tech.sapvista.com:50000/sap/opu/odata/sap/API_PRODUCT_SRV/A_Product?=&$skiptoken=1500
[2025-06-24 11:06:22] http://tech.sapvista.com:50000/sap/opu/odata/sap/API_PRODUCT_SRV/A_Product?=&$skiptoken=1600
[2025-06-24 11:06:23] http://tech.sapvista.com:50000/sap/opu/odata/sap/API_PRODUCT_SRV/A_Product?=&$skiptoken=1700
[2025-06-24 11:06:23] http://tech.sapvista.com:50000/sap/opu/odata/sap/API_PRODUCT_SRV/A_Product?=&$skiptoken=1800
[2025-06-24 11:06:24] http://tech.sapvista.com:50000/sap/opu/odata/sap/API_PRODUCT_SRV/A_Product?=&$skiptoken=1900
[2025-06-24 11:06:24] http://tech.sapvista.com:50000/sap/opu/odata/sap/API_PRODUCT_SRV/A_Product?=&$skiptoken=2000
[2025-06-24 11:06:25] http://tech.sapvista.com:50000/sap/opu/odata/sap/API_PRODUCT_SRV/A_Product?=&$skiptoken=2100
[2025-06-24 11:06:26] http://tech.sapvista.com:50000/sap/opu/odata/sap/API_PRODUCT_SRV/A_Product?=&$skiptoken=2200
[2025-06-24 11:06:26] http://tech.sapvista.com:50000/sap/opu/odata/sap/API_PRODUCT_SRV/A_Product?=&$skiptoken=2300
[2025-06-24 11:06:27] http://tech.sapvista.com:50000/sap/opu/odata/sap/API_PRODUCT_SRV/A_Product?=&$skiptoken=2400
[2025-06-24 11:06:27] http://tech.sapvista.com:50000/sap/opu/odata/sap/API_PRODUCT_SRV/A_Product?=&$skiptoken=2500
[2025-06-24 11:06:28] http://tech.sapvista.com:50000/sap/opu/odata/sap/API_PRODUCT_SRV/A_Product?=&$skiptoken=2600
[2025-06-24 11:06:29] http://tech.sapvista.com:50000/sap/opu/odata/sap/API_PRODUCT_SRV/A_Product?=&$skiptoken=2700
[2025-06-24 11:06:29] http://tech.sapvista.com:50000/sap/opu/odata/sap/API_PRODUCT_SRV/A_Product?=&$skiptoken=2800
[2025-06-24 11:10:23] http://tech.sapvista.com:50000/sap/opu/odata/sap/API_PRODUCT_SRV/A_Product
[2025-06-24 11:10:24] http://tech.sapvista.com:50000/sap/opu/odata/sap/API_PRODUCT_SRV/A_Product?$skiptoken=100
[2025-06-24 11:10:24] http://tech.sapvista.com:50000/sap/opu/odata/sap/API_PRODUCT_SRV/A_Product?&$skiptoken=200
[2025-06-24 11:10:25] http://tech.sapvista.com:50000/sap/opu/odata/sap/API_PRODUCT_SRV/A_Product?=&$skiptoken=300
[2025-06-24 11:10:26] http://tech.sapvista.com:50000/sap/opu/odata/sap/API_PRODUCT_SRV/A_Product?=&$skiptoken=400
[2025-06-24 11:10:26] http://tech.sapvista.com:50000/sap/opu/odata/sap/API_PRODUCT_SRV/A_Product?=&$skiptoken=500
[2025-06-24 11:10:27] http://tech.sapvista.com:50000/sap/opu/odata/sap/API_PRODUCT_SRV/A_Product?=&$skiptoken=600
[2025-06-24 11:10:27] http://tech.sapvista.com:50000/sap/opu/odata/sap/API_PRODUCT_SRV/A_Product?=&$skiptoken=700
[2025-06-24 11:10:28] http://tech.sapvista.com:50000/sap/opu/odata/sap/API_PRODUCT_SRV/A_Product?=&$skiptoken=800
[2025-06-24 11:10:29] http://tech.sapvista.com:50000/sap/opu/odata/sap/API_PRODUCT_SRV/A_Product?=&$skiptoken=900
[2025-06-24 11:10:29] http://tech.sapvista.com:50000/sap/opu/odata/sap/API_PRODUCT_SRV/A_Product?=&$skiptoken=1000
[2025-06-24 11:10:30] http://tech.sapvista.com:50000/sap/opu/odata/sap/API_PRODUCT_SRV/A_Product?=&$skiptoken=1100
[2025-06-24 11:10:30] http://tech.sapvista.com:50000/sap/opu/odata/sap/API_PRODUCT_SRV/A_Product?=&$skiptoken=1200
[2025-06-24 11:10:31] http://tech.sapvista.com:50000/sap/opu/odata/sap/API_PRODUCT_SRV/A_Product?=&$skiptoken=1300
[2025-06-24 11:10:32] http://tech.sapvista.com:50000/sap/opu/odata/sap/API_PRODUCT_SRV/A_Product?=&$skiptoken=1400
[2025-06-24 11:10:32] http://tech.sapvista.com:50000/sap/opu/odata/sap/API_PRODUCT_SRV/A_Product?=&$skiptoken=1500
[2025-06-24 11:10:33] http://tech.sapvista.com:50000/sap/opu/odata/sap/API_PRODUCT_SRV/A_Product?=&$skiptoken=1600
[2025-06-24 11:10:33] http://tech.sapvista.com:50000/sap/opu/odata/sap/API_PRODUCT_SRV/A_Product?=&$skiptoken=1700
[2025-06-24 11:10:34] http://tech.sapvista.com:50000/sap/opu/odata/sap/API_PRODUCT_SRV/A_Product?=&$skiptoken=1800
[2025-06-24 11:10:35] http://tech.sapvista.com:50000/sap/opu/odata/sap/API_PRODUCT_SRV/A_Product?=&$skiptoken=1900
[2025-06-24 11:10:35] http://tech.sapvista.com:50000/sap/opu/odata/sap/API_PRODUCT_SRV/A_Product?=&$skiptoken=2000
[2025-06-24 11:10:36] http://tech.sapvista.com:50000/sap/opu/odata/sap/API_PRODUCT_SRV/A_Product?=&$skiptoken=2100
[2025-06-24 11:10:36] http://tech.sapvista.com:50000/sap/opu/odata/sap/API_PRODUCT_SRV/A_Product?=&$skiptoken=2200
[2025-06-24 11:10:37] http://tech.sapvista.com:50000/sap/opu/odata/sap/API_PRODUCT_SRV/A_Product?=&$skiptoken=2300
[2025-06-24 11:10:38] http://tech.sapvista.com:50000/sap/opu/odata/sap/API_PRODUCT_SRV/A_Product?=&$skiptoken=2400
[2025-06-24 11:10:38] http://tech.sapvista.com:50000/sap/opu/odata/sap/API_PRODUCT_SRV/A_Product?=&$skiptoken=2500
[2025-06-24 11:10:39] http://tech.sapvista.com:50000/sap/opu/odata/sap/API_PRODUCT_SRV/A_Product?=&$skiptoken=2600
[2025-06-24 11:10:40] http://tech.sapvista.com:50000/sap/opu/odata/sap/API_PRODUCT_SRV/A_Product?=&$skiptoken=2700
[2025-06-24 11:10:40] http://tech.sapvista.com:50000/sap/opu/odata/sap/API_PRODUCT_SRV/A_Product?=&$skiptoken=2800
[2025-06-24 11:11:34] http://tech.sapvista.com:50000/sap/opu/odata/sap/API_PRODUCT_SRV/A_Product
[2025-06-24 11:11:35] http://tech.sapvista.com:50000/sap/opu/odata/sap/API_PRODUCT_SRV/A_Product?$skiptoken=100
[2025-06-24 11:11:35] http://tech.sapvista.com:50000/sap/opu/odata/sap/API_PRODUCT_SRV/A_Product?&$skiptoken=200
[2025-06-24 11:11:36] http://tech.sapvista.com:50000/sap/opu/odata/sap/API_PRODUCT_SRV/A_Product?=&$skiptoken=300
[2025-06-24 11:11:37] http://tech.sapvista.com:50000/sap/opu/odata/sap/API_PRODUCT_SRV/A_Product?=&$skiptoken=400
[2025-06-24 11:11:37] http://tech.sapvista.com:50000/sap/opu/odata/sap/API_PRODUCT_SRV/A_Product?=&$skiptoken=500
[2025-06-24 11:11:38] http://tech.sapvista.com:50000/sap/opu/odata/sap/API_PRODUCT_SRV/A_Product?=&$skiptoken=600
[2025-06-24 11:11:39] http://tech.sapvista.com:50000/sap/opu/odata/sap/API_PRODUCT_SRV/A_Product?=&$skiptoken=700
[2025-06-24 11:11:39] http://tech.sapvista.com:50000/sap/opu/odata/sap/API_PRODUCT_SRV/A_Product?=&$skiptoken=800
[2025-06-24 11:11:40] http://tech.sapvista.com:50000/sap/opu/odata/sap/API_PRODUCT_SRV/A_Product?=&$skiptoken=900
[2025-06-24 11:11:40] http://tech.sapvista.com:50000/sap/opu/odata/sap/API_PRODUCT_SRV/A_Product?=&$skiptoken=1000
[2025-06-24 11:11:41] http://tech.sapvista.com:50000/sap/opu/odata/sap/API_PRODUCT_SRV/A_Product?=&$skiptoken=1100
[2025-06-24 11:11:42] http://tech.sapvista.com:50000/sap/opu/odata/sap/API_PRODUCT_SRV/A_Product?=&$skiptoken=1200
[2025-06-24 11:11:42] http://tech.sapvista.com:50000/sap/opu/odata/sap/API_PRODUCT_SRV/A_Product?=&$skiptoken=1300
[2025-06-24 11:11:43] http://tech.sapvista.com:50000/sap/opu/odata/sap/API_PRODUCT_SRV/A_Product?=&$skiptoken=1400
[2025-06-24 11:11:44] http://tech.sapvista.com:50000/sap/opu/odata/sap/API_PRODUCT_SRV/A_Product?=&$skiptoken=1500
[2025-06-24 11:11:44] http://tech.sapvista.com:50000/sap/opu/odata/sap/API_PRODUCT_SRV/A_Product?=&$skiptoken=1600
[2025-06-24 11:11:45] http://tech.sapvista.com:50000/sap/opu/odata/sap/API_PRODUCT_SRV/A_Product?=&$skiptoken=1700
[2025-06-24 11:11:45] http://tech.sapvista.com:50000/sap/opu/odata/sap/API_PRODUCT_SRV/A_Product?=&$skiptoken=1800
[2025-06-24 11:11:46] http://tech.sapvista.com:50000/sap/opu/odata/sap/API_PRODUCT_SRV/A_Product?=&$skiptoken=1900
[2025-06-24 11:11:47] http://tech.sapvista.com:50000/sap/opu/odata/sap/API_PRODUCT_SRV/A_Product?=&$skiptoken=2000
[2025-06-24 11:11:47] http://tech.sapvista.com:50000/sap/opu/odata/sap/API_PRODUCT_SRV/A_Product?=&$skiptoken=2100
[2025-06-24 11:11:48] http://tech.sapvista.com:50000/sap/opu/odata/sap/API_PRODUCT_SRV/A_Product?=&$skiptoken=2200
[2025-06-24 11:11:48] http://tech.sapvista.com:50000/sap/opu/odata/sap/API_PRODUCT_SRV/A_Product?=&$skiptoken=2300
[2025-06-24 11:11:49] http://tech.sapvista.com:50000/sap/opu/odata/sap/API_PRODUCT_SRV/A_Product?=&$skiptoken=2400
[2025-06-24 11:11:50] http://tech.sapvista.com:50000/sap/opu/odata/sap/API_PRODUCT_SRV/A_Product?=&$skiptoken=2500
[2025-06-24 11:11:50] http://tech.sapvista.com:50000/sap/opu/odata/sap/API_PRODUCT_SRV/A_Product?=&$skiptoken=2600
[2025-06-24 11:11:51] http://tech.sapvista.com:50000/sap/opu/odata/sap/API_PRODUCT_SRV/A_Product?=&$skiptoken=2700
[2025-06-24 11:11:52] http://tech.sapvista.com:50000/sap/opu/odata/sap/API_PRODUCT_SRV/A_Product?=&$skiptoken=2800
[2025-06-24 11:12:27] http://tech.sapvista.com:50000/sap/opu/odata/sap/API_PRODUCT_SRV/A_Product
[2025-06-24 11:12:28] http://tech.sapvista.com:50000/sap/opu/odata/sap/API_PRODUCT_SRV/A_Product?$skiptoken=100
[2025-06-24 11:12:28] http://tech.sapvista.com:50000/sap/opu/odata/sap/API_PRODUCT_SRV/A_Product?&$skiptoken=200
[2025-06-24 11:12:29] http://tech.sapvista.com:50000/sap/opu/odata/sap/API_PRODUCT_SRV/A_Product?=&$skiptoken=300
[2025-06-24 11:12:30] http://tech.sapvista.com:50000/sap/opu/odata/sap/API_PRODUCT_SRV/A_Product?=&$skiptoken=400
[2025-06-24 11:12:30] http://tech.sapvista.com:50000/sap/opu/odata/sap/API_PRODUCT_SRV/A_Product?=&$skiptoken=500
[2025-06-24 11:12:31] http://tech.sapvista.com:50000/sap/opu/odata/sap/API_PRODUCT_SRV/A_Product?=&$skiptoken=600
[2025-06-24 11:12:31] http://tech.sapvista.com:50000/sap/opu/odata/sap/API_PRODUCT_SRV/A_Product?=&$skiptoken=700
[2025-06-24 11:12:32] http://tech.sapvista.com:50000/sap/opu/odata/sap/API_PRODUCT_SRV/A_Product?=&$skiptoken=800
[2025-06-24 11:12:33] http://tech.sapvista.com:50000/sap/opu/odata/sap/API_PRODUCT_SRV/A_Product?=&$skiptoken=900
[2025-06-24 11:12:33] http://tech.sapvista.com:50000/sap/opu/odata/sap/API_PRODUCT_SRV/A_Product?=&$skiptoken=1000
[2025-06-24 11:12:34] http://tech.sapvista.com:50000/sap/opu/odata/sap/API_PRODUCT_SRV/A_Product?=&$skiptoken=1100
[2025-06-24 11:12:34] http://tech.sapvista.com:50000/sap/opu/odata/sap/API_PRODUCT_SRV/A_Product?=&$skiptoken=1200
[2025-06-24 11:12:35] http://tech.sapvista.com:50000/sap/opu/odata/sap/API_PRODUCT_SRV/A_Product?=&$skiptoken=1300
[2025-06-24 11:12:36] http://tech.sapvista.com:50000/sap/opu/odata/sap/API_PRODUCT_SRV/A_Product?=&$skiptoken=1400
[2025-06-24 11:12:36] http://tech.sapvista.com:50000/sap/opu/odata/sap/API_PRODUCT_SRV/A_Product?=&$skiptoken=1500
[2025-06-24 11:12:37] http://tech.sapvista.com:50000/sap/opu/odata/sap/API_PRODUCT_SRV/A_Product?=&$skiptoken=1600
[2025-06-24 11:12:37] http://tech.sapvista.com:50000/sap/opu/odata/sap/API_PRODUCT_SRV/A_Product?=&$skiptoken=1700
[2025-06-24 11:12:38] http://tech.sapvista.com:50000/sap/opu/odata/sap/API_PRODUCT_SRV/A_Product?=&$skiptoken=1800
[2025-06-24 11:12:39] http://tech.sapvista.com:50000/sap/opu/odata/sap/API_PRODUCT_SRV/A_Product?=&$skiptoken=1900
[2025-06-24 11:12:39] http://tech.sapvista.com:50000/sap/opu/odata/sap/API_PRODUCT_SRV/A_Product?=&$skiptoken=2000
[2025-06-24 11:12:40] http://tech.sapvista.com:50000/sap/opu/odata/sap/API_PRODUCT_SRV/A_Product?=&$skiptoken=2100
[2025-06-24 11:12:40] http://tech.sapvista.com:50000/sap/opu/odata/sap/API_PRODUCT_SRV/A_Product?=&$skiptoken=2200
[2025-06-24 11:12:41] http://tech.sapvista.com:50000/sap/opu/odata/sap/API_PRODUCT_SRV/A_Product?=&$skiptoken=2300
[2025-06-24 11:12:42] http://tech.sapvista.com:50000/sap/opu/odata/sap/API_PRODUCT_SRV/A_Product?=&$skiptoken=2400
[2025-06-24 11:12:42] http://tech.sapvista.com:50000/sap/opu/odata/sap/API_PRODUCT_SRV/A_Product?=&$skiptoken=2500
[2025-06-24 11:12:43] http://tech.sapvista.com:50000/sap/opu/odata/sap/API_PRODUCT_SRV/A_Product?=&$skiptoken=2600
[2025-06-24 11:12:43] http://tech.sapvista.com:50000/sap/opu/odata/sap/API_PRODUCT_SRV/A_Product?=&$skiptoken=2700
[2025-06-24 11:12:44] http://tech.sapvista.com:50000/sap/opu/odata/sap/API_PRODUCT_SRV/A_Product?=&$skiptoken=2800
